[DB] sync() avertissement (ignoré): Too many keys specified; max 64 keys allowed
node:events:491
      throw er; // Unhandled 'error' event
      ^

Error: listen EADDRINUSE: address already in use :::3001
    at Server.setupListenHandle [as _listen2] (node:net:1740:16)
    at listenInCluster (node:net:1788:12)
    at Server.listen (node:net:1876:7)
    at start (C:\Users\MSII\Desktop\menuqrcode\menuqr-backend\src\server.js:21:16)
    at process.processTicksAndRejections (node:internal/process/task_queues:95:5)
Emitted 'error' event on Server instance at:
    at emitErrorNT (node:net:1767:8)
    at process.processTicksAndRejections (node:internal/process/task_queues:82:21) {
  code: 'EADDRINUSE',
  errno: -4091,
  syscall: 'listen',
  address: '::',
  port: 3001
}

Node.js v18.14.2
