[DB] sync() avertissement (ignoré): Too many keys specified; max 64 keys allowed
[ERROR] SequelizeEagerLoadingError Table is associated to Order using an alias. You must use the 'as' keyword to specify the alias within your include statement.
[ERROR] SequelizeEagerLoadingError Room is associated to Table using an alias. You must use the 'as' keyword to specify the alias within your include statement.
[ERROR] SequelizeEagerLoadingError Table is associated to Order using an alias. You must use the 'as' keyword to specify the alias within your include statement.
[ERROR] SequelizeEagerLoadingError Room is associated to Table using an alias. You must use the 'as' keyword to specify the alias within your include statement.
[ERROR] SequelizeEagerLoadingError Table is associated to Order using an alias. You must use the 'as' keyword to specify the alias within your include statement.
[ERROR] SequelizeEagerLoadingError Room is associated to Table using an alias. You must use the 'as' keyword to specify the alias within your include statement.
[ERROR] SequelizeEagerLoadingError Table is associated to Order using an alias. You must use the 'as' keyword to specify the alias within your include statement.
[ERROR] SequelizeEagerLoadingError Room is associated to Table using an alias. You must use the 'as' keyword to specify the alias within your include statement.
[CRON] Erreur rappels J-1: Unknown column 'Reservation.date' in 'where clause'
[ERROR] SequelizeEagerLoadingError Table is associated to Order using an alias. You must use the 'as' keyword to specify the alias within your include statement.
[ERROR] SequelizeEagerLoadingError Room is associated to Table using an alias. You must use the 'as' keyword to specify the alias within your include statement.
[ERROR] SequelizeEagerLoadingError Table is associated to Order using an alias. You must use the 'as' keyword to specify the alias within your include statement.
[ERROR] SequelizeEagerLoadingError Room is associated to Table using an alias. You must use the 'as' keyword to specify the alias within your include statement.
[ERROR] SequelizeEagerLoadingError Table is associated to Order using an alias. You must use the 'as' keyword to specify the alias within your include statement.
[ERROR] SequelizeEagerLoadingError Room is associated to Table using an alias. You must use the 'as' keyword to specify the alias within your include statement.
[ERROR] SequelizeEagerLoadingError Table is associated to Order using an alias. You must use the 'as' keyword to specify the alias within your include statement.
[ERROR] SequelizeEagerLoadingError Room is associated to Table using an alias. You must use the 'as' keyword to specify the alias within your include statement.
[ERROR] SequelizeEagerLoadingError Table is associated to Order using an alias. You must use the 'as' keyword to specify the alias within your include statement.
[ERROR] SequelizeEagerLoadingError Room is associated to Table using an alias. You must use the 'as' keyword to specify the alias within your include statement.
[ERROR] SequelizeEagerLoadingError Table is associated to Order using an alias. You must use the 'as' keyword to specify the alias within your include statement.
[ERROR] SequelizeEagerLoadingError Room is associated to Table using an alias. You must use the 'as' keyword to specify the alias within your include statement.
[ERROR] SequelizeEagerLoadingError Table is associated to Order using an alias. You must use the 'as' keyword to specify the alias within your include statement.
[ERROR] SequelizeEagerLoadingError Room is associated to Table using an alias. You must use the 'as' keyword to specify the alias within your include statement.
[ERROR] SequelizeEagerLoadingError Table is associated to Order using an alias. You must use the 'as' keyword to specify the alias within your include statement.
[ERROR] SequelizeEagerLoadingError Room is associated to Table using an alias. You must use the 'as' keyword to specify the alias within your include statement.
[ERROR] SequelizeEagerLoadingError Table is associated to Order using an alias. You must use the 'as' keyword to specify the alias within your include statement.
[ERROR] SequelizeEagerLoadingError Room is associated to Table using an alias. You must use the 'as' keyword to specify the alias within your include statement.
[ERROR] SequelizeEagerLoadingError Table is associated to Order using an alias. You must use the 'as' keyword to specify the alias within your include statement.
[ERROR] SequelizeEagerLoadingError Room is associated to Table using an alias. You must use the 'as' keyword to specify the alias within your include statement.
[ERROR] SequelizeEagerLoadingError Table is associated to Order using an alias. You must use the 'as' keyword to specify the alias within your include statement.
[ERROR] SequelizeEagerLoadingError Room is associated to Table using an alias. You must use the 'as' keyword to specify the alias within your include statement.
[ERROR] SequelizeEagerLoadingError Table is associated to Order using an alias. You must use the 'as' keyword to specify the alias within your include statement.
[ERROR] SequelizeEagerLoadingError Room is associated to Table using an alias. You must use the 'as' keyword to specify the alias within your include statement.
[ERROR] SequelizeEagerLoadingError Table is associated to Order using an alias. You must use the 'as' keyword to specify the alias within your include statement.
[ERROR] SequelizeEagerLoadingError Room is associated to Table using an alias. You must use the 'as' keyword to specify the alias within your include statement.
[ERROR] SequelizeEagerLoadingError Table is associated to Order using an alias. You must use the 'as' keyword to specify the alias within your include statement.
[ERROR] SequelizeEagerLoadingError Room is associated to Table using an alias. You must use the 'as' keyword to specify the alias within your include statement.
[ERROR] SequelizeEagerLoadingError Table is associated to Order using an alias. You must use the 'as' keyword to specify the alias within your include statement.
[ERROR] SequelizeEagerLoadingError Room is associated to Table using an alias. You must use the 'as' keyword to specify the alias within your include statement.
[ERROR] SequelizeEagerLoadingError Table is associated to Order using an alias. You must use the 'as' keyword to specify the alias within your include statement.
[ERROR] SequelizeEagerLoadingError Room is associated to Table using an alias. You must use the 'as' keyword to specify the alias within your include statement.
[ERROR] SequelizeEagerLoadingError Table is associated to Order using an alias. You must use the 'as' keyword to specify the alias within your include statement.
[ERROR] SequelizeEagerLoadingError Room is associated to Table using an alias. You must use the 'as' keyword to specify the alias within your include statement.
[ERROR] SequelizeEagerLoadingError Table is associated to Order using an alias. You must use the 'as' keyword to specify the alias within your include statement.
[ERROR] SequelizeEagerLoadingError Room is associated to Table using an alias. You must use the 'as' keyword to specify the alias within your include statement.
[ERROR] SequelizeEagerLoadingError Table is associated to Order using an alias. You must use the 'as' keyword to specify the alias within your include statement.
[ERROR] SequelizeEagerLoadingError Room is associated to Table using an alias. You must use the 'as' keyword to specify the alias within your include statement.
[ERROR] SequelizeEagerLoadingError Table is associated to Order using an alias. You must use the 'as' keyword to specify the alias within your include statement.
[ERROR] SequelizeEagerLoadingError Room is associated to Table using an alias. You must use the 'as' keyword to specify the alias within your include statement.
[ERROR] SequelizeEagerLoadingError Table is associated to Order using an alias. You must use the 'as' keyword to specify the alias within your include statement.
[ERROR] SequelizeEagerLoadingError Room is associated to Table using an alias. You must use the 'as' keyword to specify the alias within your include statement.
[ERROR] SequelizeEagerLoadingError Table is associated to Order using an alias. You must use the 'as' keyword to specify the alias within your include statement.
[ERROR] SequelizeEagerLoadingError Room is associated to Table using an alias. You must use the 'as' keyword to specify the alias within your include statement.
[ERROR] TypeError rows.map is not a function
[ERROR] SequelizeDatabaseError Unknown column 'Reservation.date' in 'where clause'
[DB] Unknown column 'Reservation.date' in 'where clause'
[ERROR] TypeError rows.reduce is not a function
[ERROR] TypeError rows.map is not a function
[ERROR] SequelizeDatabaseError Unknown column 'Reservation.date' in 'where clause'
[DB] Unknown column 'Reservation.date' in 'where clause'
[ERROR] TypeError rows.reduce is not a function
